<?xml version="1.0"?>
<testsuite name="PhantomJS 2.1.1 (Windows 8 0.0.0)" package="" timestamp="2017-12-02T10:26:45" id="0" hostname="DESKTOP-GJ2QFCH" tests="3" errors="0" failures="1" time="0.302">
  <properties>
    <property name="browser.fullName" value="Mozilla/5.0 (Windows NT 6.2; WOW64) AppleWebKit/538.1 (KHTML, like Gecko) PhantomJS/2.1.1 Safari/538.1"/>
  </properties>
  <testcase name="PortfoliosComponent should create" time="0.168" classname="PhantomJS_2_1_1_(Windows_8_0_0_0).PortfoliosComponent"/>
  <testcase name="DashboardSummaryService should be created" time="0.067" classname="PhantomJS_2_1_1_(Windows_8_0_0_0).DashboardSummaryService">
    <failure type="">Error: StaticInjectorError[NgRedux]: 
  StaticInjectorError[NgRedux]: 
    NullInjectorError: No provider for NgRedux! in http://localhost:9876/_karma_webpack_/vendor.bundle.js (line 183475)
get@http://localhost:9876/_karma_webpack_/vendor.bundle.js:183475:92
resolveToken@http://localhost:9876/_karma_webpack_/vendor.bundle.js:183763:27
tryResolveToken@http://localhost:9876/_karma_webpack_/vendor.bundle.js:183705:28
get@http://localhost:9876/_karma_webpack_/vendor.bundle.js:183576:35
resolveToken@http://localhost:9876/_karma_webpack_/vendor.bundle.js:183763:27
tryResolveToken@http://localhost:9876/_karma_webpack_/vendor.bundle.js:183705:28
get@http://localhost:9876/_karma_webpack_/vendor.bundle.js:183576:35
resolveNgModuleDep@http://localhost:9876/_karma_webpack_/vendor.bundle.js:193137:28
_createClass@http://localhost:9876/_karma_webpack_/vendor.bundle.js:193174:47
_createProviderInstance$1@http://localhost:9876/_karma_webpack_/vendor.bundle.js:193148:38
resolveNgModuleDep@http://localhost:9876/_karma_webpack_/vendor.bundle.js:193133:42
get@http://localhost:9876/_karma_webpack_/vendor.bundle.js:194358:34
get@http://localhost:9876/_karma_webpack_/vendor.bundle.js:200083:50
http://localhost:9876/_karma_webpack_/vendor.bundle.js:200089:64
map@[native code]
execute@http://localhost:9876/_karma_webpack_/vendor.bundle.js:200089:32
http://localhost:9876/_karma_webpack_/vendor.bundle.js:200220:52
invoke@http://localhost:9876/_karma_webpack_/polyfills.bundle.js:11031:31
onInvoke@http://localhost:9876/_karma_webpack_/vendor.bundle.js:120300:45
invoke@http://localhost:9876/_karma_webpack_/polyfills.bundle.js:11030:40
run@http://localhost:9876/_karma_webpack_/polyfills.bundle.js:10781:49
http://localhost:9876/_karma_webpack_/vendor.bundle.js:119997:37
execute@http://localhost:9876/_karma_webpack_/vendor.bundle.js:120025:46
execute@http://localhost:9876/_karma_webpack_/vendor.bundle.js:120025:46
invokeTask@http://localhost:9876/_karma_webpack_/polyfills.bundle.js:11064:36
runTask@http://localhost:9876/_karma_webpack_/polyfills.bundle.js:10831:57
drainMicroTaskQueue@http://localhost:9876/_karma_webpack_/polyfills.bundle.js:11241:42
</failure>
  </testcase>
  <testcase name="DashboardSummaryService should be created" time="0.067" classname="PhantomJS_2_1_1_(Windows_8_0_0_0).DashboardSummaryService"/>
  <system-out>
    <![CDATA[
]]>
  </system-out>
  <system-err/>
</testsuite>